<?xml version="1.0" encoding="UTF-8"?>
<!-- Generated by org.testng.reporters.JUnitXMLReporter -->
<testsuite ignored="0" hostname="Abhays-MacBook-Pro.local" failures="0" tests="2" name=" Verify that 2 dishes are found and are named Katsu Chicken curry and Nutty Chicken Curry" time="4.721" errors="0" timestamp="2020-08-03T00:21:28 IST">
  <testcase classname="testcases.LaunchTest" name="executeLaunch" time="3.769"/>
  <testcase classname="testcases.Test_TheMealdbSearch_Scenario2" name="test_verifySearchResult" time="0.842"/>
</testsuite> <!--  Verify that 2 dishes are found and are named Katsu Chicken curry and Nutty Chicken Curry -->
