<?xml version="1.0" encoding="UTF-8"?>
<!-- Generated by org.testng.reporters.JUnitXMLReporter -->
<testsuite ignored="0" hostname="Abhays-MacBook-Pro.local" failures="0" tests="6" name="Test" time="4.697" errors="0" timestamp="2020-08-03T01:06:51 IST">
  <testcase classname="apitestcases.TypicodeTestCases" name="test_fetchAllUsers_get" time="2.431"/>
  <testcase classname="apitestcases.TypicodeTestCases" name="test_updatePost_put" time="0.983"/>
  <testcase classname="apitestcases.TypicodeTestCases" name="test_verifyAllPost_get" time="0.585"/>
  <testcase classname="apitestcases.TypicodeTestCases" name="test_verifyChelsey_get" time="0.208"/>
  <testcase classname="apitestcases.TypicodeTestCases" name="test_verifyEmailOnPost_get" time="0.188"/>
  <testcase classname="apitestcases.TypicodeTestCases" name="test_verifyPostTitle_get" time="0.264"/>
</testsuite> <!-- Test -->
