<?xml version="1.0" encoding="UTF-8"?>
<!-- Generated by org.testng.reporters.JUnitXMLReporter -->
<testsuite ignored="0" hostname="Abhays-MacBook-Pro.local" failures="0" tests="4" name="Verify That - On clicking the dish name Cajun spiced fish tacos instructions are displayed" time="6.558" errors="0" timestamp="2020-08-03T00:21:23 IST">
  <testcase classname="testcases.LaunchTest" name="executeLaunch" time="4.43"/>
  <testcase classname="testcases.Test_TheMealdb" name="test_verifyAvocadoExists" time="0.082"/>
  <testcase classname="testcases.Test_TheMealdb" name="test_CajunSpicedfishExist" time="0.786"/>
  <testcase classname="testcases.Test_TheMealdb" name="test_CajunSpicedfishInstructions" time="1.103"/>
</testsuite> <!-- Verify That - On clicking the dish name Cajun spiced fish tacos instructions are displayed -->
