<?xml version="1.0" encoding="UTF-8"?>
<testng-results ignored="0" total="6" passed="6" failed="0" skipped="0">
  <reporter-output>
  </reporter-output>
  <suite started-at="2020-08-03T01:06:46 IST" name="Suite" finished-at="2020-08-03T01:06:51 IST" duration-ms="4697">
    <groups>
    </groups>
    <test started-at="2020-08-03T01:06:46 IST" name="Test" finished-at="2020-08-03T01:06:51 IST" duration-ms="4697">
      <class name="apitestcases.TypicodeTestCases">
        <test-method signature="test_fetchAllUsers_get(java.lang.String, java.lang.String)[pri:0, instance:apitestcases.TypicodeTestCases@290d210d]" started-at="2020-08-03T01:06:46 IST" name="test_fetchAllUsers_get" finished-at="2020-08-03T01:06:48 IST" duration-ms="2431" status="PASS">
          <params>
            <param index="0">
              <value>
                <![CDATA[/Users/sachinnagare/eclipse-workspace/CognologixAssignment/src/test/resources/TestData.xlsx]]>
              </value>
            </param>
            <param index="1">
              <value>
                <![CDATA[Sheet1]]>
              </value>
            </param>
          </params>
          <reporter-output>
          </reporter-output>
        </test-method> <!-- test_fetchAllUsers_get -->
        <test-method signature="test_updatePost_put()[pri:0, instance:apitestcases.TypicodeTestCases@290d210d]" started-at="2020-08-03T01:06:48 IST" name="test_updatePost_put" finished-at="2020-08-03T01:06:49 IST" duration-ms="983" status="PASS">
          <reporter-output>
          </reporter-output>
        </test-method> <!-- test_updatePost_put -->
        <test-method signature="test_verifyAllPost_get()[pri:0, instance:apitestcases.TypicodeTestCases@290d210d]" started-at="2020-08-03T01:06:49 IST" name="test_verifyAllPost_get" finished-at="2020-08-03T01:06:50 IST" duration-ms="585" status="PASS">
          <reporter-output>
          </reporter-output>
        </test-method> <!-- test_verifyAllPost_get -->
        <test-method signature="test_verifyChelsey_get()[pri:0, instance:apitestcases.TypicodeTestCases@290d210d]" started-at="2020-08-03T01:06:50 IST" name="test_verifyChelsey_get" finished-at="2020-08-03T01:06:50 IST" duration-ms="208" status="PASS">
          <reporter-output>
          </reporter-output>
        </test-method> <!-- test_verifyChelsey_get -->
        <test-method signature="test_verifyEmailOnPost_get()[pri:0, instance:apitestcases.TypicodeTestCases@290d210d]" started-at="2020-08-03T01:06:50 IST" name="test_verifyEmailOnPost_get" finished-at="2020-08-03T01:06:50 IST" duration-ms="188" status="PASS">
          <reporter-output>
          </reporter-output>
        </test-method> <!-- test_verifyEmailOnPost_get -->
        <test-method signature="test_verifyPostTitle_get()[pri:0, instance:apitestcases.TypicodeTestCases@290d210d]" started-at="2020-08-03T01:06:50 IST" name="test_verifyPostTitle_get" finished-at="2020-08-03T01:06:51 IST" duration-ms="264" status="PASS">
          <reporter-output>
          </reporter-output>
        </test-method> <!-- test_verifyPostTitle_get -->
      </class> <!-- apitestcases.TypicodeTestCases -->
    </test> <!-- Test -->
  </suite> <!-- Suite -->
</testng-results>
